<?xml version="1.0" encoding="UTF-8"?>
<testng-results ignored="0" total="1" passed="1" failed="0" skipped="0">
  <reporter-output>
  </reporter-output>
  <suite started-at="2023-01-12T22:02:38 PKT" name="Default suite" finished-at="2023-01-12T22:02:41 PKT" duration-ms="2256">
    <groups>
    </groups>
    <test started-at="2023-01-12T22:02:38 PKT" name="Default test" finished-at="2023-01-12T22:02:41 PKT" duration-ms="2256">
      <class name="tests.TestCase4_GetSingleUser">
        <test-method signature="testUntitled()[pri:0, instance:tests.TestCase4_GetSingleUser@c333c60]" started-at="2023-01-12T22:02:39 PKT" name="testUntitled" finished-at="2023-01-12T22:02:41 PKT" duration-ms="2226" status="PASS">
          <reporter-output>
          </reporter-output>
        </test-method> <!-- testUntitled -->
      </class> <!-- tests.TestCase4_GetSingleUser -->
    </test> <!-- Default test -->
  </suite> <!-- Default suite -->
</testng-results>
