<?xml version="1.0" encoding="UTF-8"?>
<testng-results ignored="0" total="1" passed="1" failed="0" skipped="0">
  <reporter-output>
  </reporter-output>
  <suite started-at="2023-02-02T15:51:28 PKT" name="Default suite" finished-at="2023-02-02T15:51:30 PKT" duration-ms="1961">
    <groups>
    </groups>
    <test started-at="2023-02-02T15:51:28 PKT" name="Default test" finished-at="2023-02-02T15:51:30 PKT" duration-ms="1961">
      <class name="tests.TestCase5_SchemaValidaton_SingleUser">
        <test-method signature="schemaValidation()[pri:0, instance:tests.TestCase5_SchemaValidaton_SingleUser@4e096385]" started-at="2023-02-02T15:51:28 PKT" name="schemaValidation" finished-at="2023-02-02T15:51:30 PKT" duration-ms="1935" status="PASS">
          <reporter-output>
          </reporter-output>
        </test-method> <!-- schemaValidation -->
      </class> <!-- tests.TestCase5_SchemaValidaton_SingleUser -->
    </test> <!-- Default test -->
  </suite> <!-- Default suite -->
</testng-results>
